0 info it worked if it ends with ok
1 verbose cli [ '/usr/bin/nodejs',
1 verbose cli   '/usr/bin/npm',
1 verbose cli   'install',
1 verbose cli   'err-code',
1 verbose cli   '-',
1 verbose cli   'NPM' ]
2 info using npm@3.5.2
3 info using node@v4.2.6
4 silly loadCurrentTree Starting
5 silly install loadCurrentTree
6 silly install readLocalPackageData
7 silly fetchPackageMetaData err-code
8 silly fetchPackageMetaData -
9 silly fetchPackageMetaData NPM
10 silly fetchNamedPackageData err-code
11 silly mapToRegistry name err-code
12 silly mapToRegistry using default registry
13 silly mapToRegistry registry https://registry.npmjs.org/
14 silly mapToRegistry uri https://registry.npmjs.org/err-code
15 silly fetchOtherPackageData -
16 silly cache add args [ '-', null ]
17 verbose cache add spec -
18 silly fetchNamedPackageData NPM
19 silly mapToRegistry name NPM
20 silly mapToRegistry using default registry
21 silly mapToRegistry registry https://registry.npmjs.org/
22 silly mapToRegistry uri https://registry.npmjs.org/NPM
23 silly cache add parsed spec Result {
23 silly cache add   raw: '-',
23 silly cache add   scope: null,
23 silly cache add   name: null,
23 silly cache add   rawSpec: '-',
23 silly cache add   spec: '/mnt/c/Users/jimva/Desktop/school/2ejaar/blok3/backend/github/static-file-server/-',
23 silly cache add   type: 'local' }
24 verbose request uri https://registry.npmjs.org/err-code
25 verbose request no auth needed
26 info attempt registry request try #1 at 5:16:37 PM
27 verbose request id fc44167e13f51680
28 http request GET https://registry.npmjs.org/err-code
29 verbose request uri https://registry.npmjs.org/NPM
30 verbose request no auth needed
31 info attempt registry request try #1 at 5:16:43 PM
32 http request GET https://registry.npmjs.org/NPM
33 error addLocal Could not install /mnt/c/Users/jimva/Desktop/school/2ejaar/blok3/backend/github/static-file-server/-
34 silly fetchPackageMetaData Error: ENOENT: no such file or directory, open '/mnt/c/Users/jimva/Desktop/school/2ejaar/blok3/backend/github/static-file-server/-'
34 silly fetchPackageMetaData     at Error (native)
34 silly fetchPackageMetaData  error for - { [Error: ENOENT: no such file or directory, open '/mnt/c/Users/jimva/Desktop/school/2ejaar/blok3/backend/github/static-file-server/-']
34 silly fetchPackageMetaData   errno: -2,
34 silly fetchPackageMetaData   code: 'ENOENT',
34 silly fetchPackageMetaData   syscall: 'open',
34 silly fetchPackageMetaData   path: '/mnt/c/Users/jimva/Desktop/school/2ejaar/blok3/backend/github/static-file-server/-' }
35 http 200 https://registry.npmjs.org/err-code
36 verbose headers { 'content-type': 'application/json; charset=UTF-8',
36 verbose headers   server: 'UploadServer',
36 verbose headers   'cache-control': 'max-age=300',
36 verbose headers   'last-modified': 'Mon, 21 Aug 2017 21:41:21 GMT',
36 verbose headers   etag: '"599b5381-2bd2"',
36 verbose headers   'x-npm-region': 'EU-Central',
36 verbose headers   'content-encoding': 'gzip',
36 verbose headers   'content-length': '2317',
36 verbose headers   'accept-ranges': 'bytes',
36 verbose headers   date: 'Mon, 05 Mar 2018 16:16:44 GMT',
36 verbose headers   via: '1.1 varnish',
36 verbose headers   age: '13782',
36 verbose headers   connection: 'keep-alive',
36 verbose headers   'x-served-by': 'cache-ams4426-AMS',
36 verbose headers   'x-cache': 'HIT',
36 verbose headers   'x-cache-hits': '1',
36 verbose headers   'x-timer': 'S1520266605.560039,VS0,VE1',
36 verbose headers   vary: 'Accept-Encoding, Accept' }
37 silly get cb [ 200,
37 silly get   { 'content-type': 'application/json; charset=UTF-8',
37 silly get     server: 'UploadServer',
37 silly get     'cache-control': 'max-age=300',
37 silly get     'last-modified': 'Mon, 21 Aug 2017 21:41:21 GMT',
37 silly get     etag: '"599b5381-2bd2"',
37 silly get     'x-npm-region': 'EU-Central',
37 silly get     'content-encoding': 'gzip',
37 silly get     'content-length': '2317',
37 silly get     'accept-ranges': 'bytes',
37 silly get     date: 'Mon, 05 Mar 2018 16:16:44 GMT',
37 silly get     via: '1.1 varnish',
37 silly get     age: '13782',
37 silly get     connection: 'keep-alive',
37 silly get     'x-served-by': 'cache-ams4426-AMS',
37 silly get     'x-cache': 'HIT',
37 silly get     'x-cache-hits': '1',
37 silly get     'x-timer': 'S1520266605.560039,VS0,VE1',
37 silly get     vary: 'Accept-Encoding, Accept' } ]
38 verbose get saving err-code to /home/jimvandeven/.npm/registry.npmjs.org/err-code/.cache.json
39 http 404 https://registry.npmjs.org/NPM
40 verbose headers { 'content-type': 'application/json',
40 verbose headers   'cache-control': 'max-age=0',
40 verbose headers   'content-length': '2',
40 verbose headers   'accept-ranges': 'bytes',
40 verbose headers   date: 'Mon, 05 Mar 2018 16:16:46 GMT',
40 verbose headers   via: '1.1 varnish',
40 verbose headers   connection: 'keep-alive',
40 verbose headers   'x-served-by': 'cache-ams4135-AMS',
40 verbose headers   'x-cache': 'MISS',
40 verbose headers   'x-cache-hits': '0',
40 verbose headers   'x-timer': 'S1520266605.560717,VS0,VE1724',
40 verbose headers   vary: 'Accept-Encoding' }
41 silly get cb [ 404,
41 silly get   { 'content-type': 'application/json',
41 silly get     'cache-control': 'max-age=0',
41 silly get     'content-length': '2',
41 silly get     'accept-ranges': 'bytes',
41 silly get     date: 'Mon, 05 Mar 2018 16:16:46 GMT',
41 silly get     via: '1.1 varnish',
41 silly get     connection: 'keep-alive',
41 silly get     'x-served-by': 'cache-ams4135-AMS',
41 silly get     'x-cache': 'MISS',
41 silly get     'x-cache-hits': '0',
41 silly get     'x-timer': 'S1520266605.560717,VS0,VE1724',
41 silly get     vary: 'Accept-Encoding' } ]
42 silly fetchPackageMetaData Error: Registry returned 404 for GET on https://registry.npmjs.org/NPM
42 silly fetchPackageMetaData     at makeError (/usr/share/npm/node_modules/npm-registry-client/lib/request.js:264:12)
42 silly fetchPackageMetaData     at CachingRegistryClient.<anonymous> (/usr/share/npm/node_modules/npm-registry-client/lib/request.js:242:14)
42 silly fetchPackageMetaData     at Request._callback (/usr/share/npm/node_modules/npm-registry-client/lib/request.js:172:14)
42 silly fetchPackageMetaData     at Request.self.callback (/usr/share/npm/node_modules/request/request.js:198:22)
42 silly fetchPackageMetaData     at emitTwo (events.js:87:13)
42 silly fetchPackageMetaData     at Request.emit (events.js:172:7)
42 silly fetchPackageMetaData     at Request.<anonymous> (/usr/share/npm/node_modules/request/request.js:1082:10)
42 silly fetchPackageMetaData     at emitOne (events.js:82:20)
42 silly fetchPackageMetaData     at Request.emit (events.js:169:7)
42 silly fetchPackageMetaData     at IncomingMessage.<anonymous> (/usr/share/npm/node_modules/request/request.js:1009:12)
42 silly fetchPackageMetaData  error for NPM { [Error: Registry returned 404 for GET on https://registry.npmjs.org/NPM] pkgid: 'NPM', statusCode: 404, code: 'E404' }
43 silly rollbackFailedOptional Starting
44 silly rollbackFailedOptional Finishing
45 silly runTopLevelLifecycles Starting
46 silly runTopLevelLifecycles Finishing
47 silly install printInstalled
48 verbose stack Error: ENOENT: no such file or directory, open '/mnt/c/Users/jimva/Desktop/school/2ejaar/blok3/backend/github/static-file-server/-'
48 verbose stack     at Error (native)
49 verbose cwd /mnt/c/Users/jimva/Desktop/school/2ejaar/blok3/backend/github/static-file-server
50 error Linux 4.4.0-43-Microsoft
51 error argv "/usr/bin/nodejs" "/usr/bin/npm" "install" "err-code" "-" "NPM"
52 error node v4.2.6
53 error npm  v3.5.2
54 error path /mnt/c/Users/jimva/Desktop/school/2ejaar/blok3/backend/github/static-file-server/-
55 error code ENOENT
56 error errno -2
57 error syscall open
58 error enoent ENOENT: no such file or directory, open '/mnt/c/Users/jimva/Desktop/school/2ejaar/blok3/backend/github/static-file-server/-'
59 error enoent ENOENT: no such file or directory, open '/mnt/c/Users/jimva/Desktop/school/2ejaar/blok3/backend/github/static-file-server/-'
59 error enoent This is most likely not a problem with npm itself
59 error enoent and is related to npm not being able to find a file.
60 verbose exit [ -2, true ]
